<?xml version="1.0" encoding="UTF-8"?>
<!-- Generated by org.testng.reporters.JUnitReportReporter -->
<testsuite skipped="0" hostname="DESKTOP-5P3NRET" name="WorkSiteLabs.WSL.Admin_LoginPage_ValidationTest" tests="1" failures="0" timestamp="2021-05-28T21:50:10 IST" time="14.796" errors="0">
  <testcase name="allValidationmsgs" time="14.796" classname="WorkSiteLabs.WSL.Admin_LoginPage_ValidationTest"/>
  <system-out/>
</testsuite> <!-- WorkSiteLabs.WSL.Admin_LoginPage_ValidationTest -->
