<?xml version="1.0" encoding="UTF-8"?>
<!-- Generated by org.testng.reporters.JUnitReportReporter -->
<testsuite skipped="0" hostname="DESKTOP-5P3NRET" name="MultitenancyTest.BaseTest" tests="1" failures="0" timestamp="2021-08-26T21:45:47 IST" time="19.385" errors="0">
  <testcase name="multiUrls" time="19.385" classname="MultitenancyTest.BaseTest"/>
  <system-out/>
</testsuite> <!-- MultitenancyTest.BaseTest -->
