<?xml version="1.0" encoding="UTF-8"?>
<!-- Generated by org.testng.reporters.JUnitReportReporter -->
<testsuite skipped="0" hostname="DESKTOP-5P3NRET" name="MultitenancyTest.TooltipValidationTest" tests="1" failures="0" timestamp="2021-10-12T16:11:20 IST" time="14.629" errors="0">
  <testcase name="run" time="14.629" classname="MultitenancyTest.TooltipValidationTest"/>
  <system-out/>
</testsuite> <!-- MultitenancyTest.TooltipValidationTest -->
