<?xml version="1.0" encoding="UTF-8"?>
<!-- Generated by org.testng.reporters.JUnitReportReporter -->
<testsuite skipped="0" hostname="DESKTOP-5P3NRET" name="MultitenancyTest.GooglePageTest" tests="1" failures="0" timestamp="2021-10-04T19:47:35 IST" time="4.620" errors="0">
  <testcase name="googleTestMethods" time="4.620" classname="MultitenancyTest.GooglePageTest"/>
  <system-out/>
</testsuite> <!-- MultitenancyTest.GooglePageTest -->
