<?xml version="1.0" encoding="UTF-8"?>
<!-- Generated by org.testng.reporters.JUnitReportReporter -->
<testsuite skipped="0" hostname="DESKTOP-5P3NRET" name="MultitenancyTest.InterviewTest" tests="1" failures="0" timestamp="2021-10-18T23:46:06 IST" time="6.079" errors="0">
  <testcase name="testData" time="6.079" classname="MultitenancyTest.InterviewTest"/>
  <system-out/>
</testsuite> <!-- MultitenancyTest.InterviewTest -->
