<?xml version="1.0" encoding="UTF-8"?>
<!-- Generated by org.testng.reporters.JUnitReportReporter -->
<testsuite skipped="0" hostname="DESKTOP-5P3NRET" name="WorkSiteLabs.WSL.BaseTest" tests="1" failures="0" timestamp="30 Sep 2021 12:06:21 GMT" time="39.235" errors="0">
  <testcase name="allUrls" time="39.235" classname="WorkSiteLabs.WSL.BaseTest"/>
</testsuite> <!-- WorkSiteLabs.WSL.BaseTest -->
