<?xml version="1.0" encoding="UTF-8"?>
<!-- Generated by org.testng.reporters.JUnitReportReporter -->
<testsuite skipped="0" hostname="DESKTOP-5P3NRET" name="WorkSiteLabs.WSL.Address_Page_Validation_BookAppointment_Test" tests="1" failures="0" timestamp="2021-05-27T13:36:32 IST" time="17.026" errors="0">
  <testcase name="allMethodValidations" time="17.026" classname="WorkSiteLabs.WSL.Address_Page_Validation_BookAppointment_Test"/>
  <system-out/>
</testsuite> <!-- WorkSiteLabs.WSL.Address_Page_Validation_BookAppointment_Test -->
