<?xml version="1.0" encoding="UTF-8"?>
<!-- Generated by org.testng.reporters.JUnitReportReporter -->
<testsuite skipped="0" hostname="DESKTOP-5P3NRET" name="WorkSiteLabs.WSL.Manage_AdminTest" tests="1" failures="0" timestamp="2021-05-28T21:50:10 IST" time="22.725" errors="0">
  <testcase name="allmanageheadings" time="22.725" classname="WorkSiteLabs.WSL.Manage_AdminTest"/>
  <system-out/>
</testsuite> <!-- WorkSiteLabs.WSL.Manage_AdminTest -->
