<?xml version="1.0" encoding="UTF-8"?>
<!-- Generated by org.testng.reporters.JUnitReportReporter -->
<testsuite skipped="0" hostname="DESKTOP-5P3NRET" name="WorkSiteLabs.WSL.Report_Admin_Test" tests="1" failures="0" timestamp="2021-05-31T20:59:44 IST" time="17.243" errors="0">
  <testcase name="allReportsData" time="17.243" classname="WorkSiteLabs.WSL.Report_Admin_Test"/>
  <system-out/>
</testsuite> <!-- WorkSiteLabs.WSL.Report_Admin_Test -->
