<?xml version="1.0" encoding="UTF-8"?>
<!-- Generated by org.testng.reporters.JUnitReportReporter -->
<testsuite skipped="0" hostname="DESKTOP-5P3NRET" name="WorkSiteLabs.WSL.Day_Wise_Appointment_Test" tests="1" failures="0" timestamp="2021-05-28T21:50:10 IST" time="16.747" errors="0">
  <testcase name="allDayWiseAppointmentMethods" time="16.747" classname="WorkSiteLabs.WSL.Day_Wise_Appointment_Test"/>
  <system-out/>
</testsuite> <!-- WorkSiteLabs.WSL.Day_Wise_Appointment_Test -->
