<?xml version="1.0" encoding="UTF-8"?>
<!-- Generated by org.testng.reporters.JUnitReportReporter -->
<testsuite skipped="0" hostname="DESKTOP-5P3NRET" name="WorkSiteLabs.WSL.Invalid_Email_ErrorMessag_Test" tests="1" failures="0" timestamp="2021-05-28T21:50:10 IST" time="3.383" errors="0">
  <testcase name="allErrorEmailmessages" time="3.383" classname="WorkSiteLabs.WSL.Invalid_Email_ErrorMessag_Test"/>
  <system-out/>
</testsuite> <!-- WorkSiteLabs.WSL.Invalid_Email_ErrorMessag_Test -->
