<?xml version="1.0" encoding="UTF-8"?>
<!-- Generated by org.testng.reporters.JUnitReportReporter -->
<testsuite skipped="0" hostname="DESKTOP-5P3NRET" name="WorkSiteLabs.WSL.Location_Error_Message_BookAppointment_Test" tests="1" failures="0" timestamp="2021-05-24T22:38:25 IST" time="15.506" errors="0">
  <testcase name="allLocationMessages" time="15.506" classname="WorkSiteLabs.WSL.Location_Error_Message_BookAppointment_Test"/>
  <system-out/>
</testsuite> <!-- WorkSiteLabs.WSL.Location_Error_Message_BookAppointment_Test -->
