<?xml version="1.0" encoding="UTF-8"?>
<!-- Generated by org.testng.reporters.JUnitReportReporter -->
<testsuite skipped="0" hostname="DESKTOP-5P3NRET" name="WorkSiteLabs.WSL.BaseTest" tests="1" failures="0" timestamp="2021-05-28T21:50:10 IST" time="5.268" errors="0">
  <testcase name="allUrls" time="5.268" classname="WorkSiteLabs.WSL.BaseTest"/>
  <system-out/>
</testsuite> <!-- WorkSiteLabs.WSL.BaseTest -->
