<?xml version="1.0" encoding="UTF-8"?>
<!-- Generated by org.testng.reporters.JUnitReportReporter -->
<testsuite skipped="0" hostname="DESKTOP-5P3NRET" name="WorkSiteLabs.WSL.Without_Minor_Emsg_Bookappointment_Test" tests="1" failures="0" timestamp="2021-05-25T17:22:46 IST" time="9.916" errors="0">
  <testcase name="allErrorMessages" time="9.916" classname="WorkSiteLabs.WSL.Without_Minor_Emsg_Bookappointment_Test"/>
  <system-out/>
</testsuite> <!-- WorkSiteLabs.WSL.Without_Minor_Emsg_Bookappointment_Test -->
