<?xml version="1.0" encoding="UTF-8"?>
<!-- Generated by org.testng.reporters.JUnitReportReporter -->
<testsuite skipped="0" hostname="DESKTOP-5P3NRET" name="WorkSiteLabs.WSL.Information_Page_Errormessages_BookAppointment_Test" tests="1" failures="0" timestamp="2021-05-25T17:24:40 IST" time="10.448" errors="0">
  <testcase name="allInformation" time="10.448" classname="WorkSiteLabs.WSL.Information_Page_Errormessages_BookAppointment_Test"/>
  <system-out/>
</testsuite> <!-- WorkSiteLabs.WSL.Information_Page_Errormessages_BookAppointment_Test -->
