<?xml version="1.0" encoding="UTF-8"?>
<!-- Generated by org.testng.reporters.JUnitReportReporter -->
<testsuite skipped="0" hostname="DESKTOP-5P3NRET" name="WorkSiteLabs.WSL.AdminDashboardTest" tests="1" failures="0" timestamp="2021-05-28T21:50:10 IST" time="10.859" errors="0">
  <testcase name="allDashBoardMethods" time="10.859" classname="WorkSiteLabs.WSL.AdminDashboardTest"/>
  <system-out/>
</testsuite> <!-- WorkSiteLabs.WSL.AdminDashboardTest -->
