<?xml version="1.0" encoding="UTF-8"?>
<!-- Generated by org.testng.reporters.JUnitReportReporter -->
<testsuite skipped="0" hostname="DESKTOP-5P3NRET" name="MultitenancyTest.BaseTest" tests="1" failures="0" timestamp="2021-06-21T21:31:45 IST" time="83.672" errors="0">
  <testcase name="multiUrls" time="83.672" classname="MultitenancyTest.BaseTest"/>
  <system-out/>
</testsuite> <!-- MultitenancyTest.BaseTest -->
