<?xml version="1.0" encoding="UTF-8"?>
<!-- Generated by org.testng.reporters.JUnitReportReporter -->
<testsuite skipped="0" hostname="DESKTOP-5P3NRET" name="MultitenancyTest.CreateEmailTest" tests="1" failures="0" timestamp="2021-10-16T20:45:52 IST" time="35.032" errors="0">
  <testcase name="trail" time="35.032" classname="MultitenancyTest.CreateEmailTest"/>
  <system-out/>
</testsuite> <!-- MultitenancyTest.CreateEmailTest -->
