<?xml version="1.0" encoding="UTF-8"?>
<!-- Generated by org.testng.reporters.JUnitReportReporter -->
<testsuite skipped="0" hostname="DESKTOP-5P3NRET" name="WorkSiteLabs.WSL.Admin_Keymetrics_Test" tests="1" failures="0" timestamp="2021-05-31T18:34:55 IST" time="17.923" errors="0">
  <testcase name="allKeymetricsMethods" time="17.923" classname="WorkSiteLabs.WSL.Admin_Keymetrics_Test"/>
  <system-out/>
</testsuite> <!-- WorkSiteLabs.WSL.Admin_Keymetrics_Test -->
