<?xml version="1.0" encoding="UTF-8"?>
<!-- Generated by org.testng.reporters.JUnitReportReporter -->
<testsuite skipped="0" hostname="DESKTOP-5P3NRET" name="WorkSiteLabs.WSL.DOB_Validation_Errormsg_BookAppointmentTest" tests="1" failures="0" timestamp="2021-05-25T19:49:07 IST" time="8.674" errors="0">
  <testcase name="allValidationMessages" time="8.674" classname="WorkSiteLabs.WSL.DOB_Validation_Errormsg_BookAppointmentTest"/>
  <system-out/>
</testsuite> <!-- WorkSiteLabs.WSL.DOB_Validation_Errormsg_BookAppointmentTest -->
