<?xml version="1.0" encoding="UTF-8"?>
<!-- Generated by org.testng.reporters.JUnitReportReporter -->
<testsuite skipped="0" hostname="DESKTOP-5P3NRET" name="MultitenancyTest.VirujTest" tests="1" failures="0" timestamp="2021-10-12T18:16:28 IST" time="33.500" errors="0">
  <testcase name="dataTest" time="33.500" classname="MultitenancyTest.VirujTest"/>
  <system-out/>
</testsuite> <!-- MultitenancyTest.VirujTest -->
